<?xml version="1.0" encoding="UTF-8"?>
<!-- Generated by org.testng.reporters.JUnitReportReporter -->
<testsuite hostname="IN-PG02A7W0" failures="0" tests="1" name="TestCases.SearchTest" time="31.258" errors="0" timestamp="2022-12-05T16:35:07 IST" skipped="0">
  <testcase classname="TestCases.SearchTest" name="SearchProduct" time="31.258"/>
  <system-out/>
</testsuite> <!-- TestCases.SearchTest -->
