<?xml version="1.0" encoding="UTF-8"?>
<!-- Generated by org.testng.reporters.JUnitReportReporter -->
<testsuite hostname="IN-PG02A7W0" failures="0" tests="1" name="TestCases.SignoutTest" time="35.017" errors="0" timestamp="2022-12-05T20:31:54 IST" skipped="0">
  <testcase classname="TestCases.SignoutTest" name="logout" time="35.017"/>
  <system-out/>
</testsuite> <!-- TestCases.SignoutTest -->
