<?xml version="1.0" encoding="UTF-8"?>
<!-- Generated by org.testng.reporters.JUnitReportReporter -->
<testsuite hostname="IN-PG02A7W0" failures="0" tests="1" name="TestCases.BestSellersTest" time="24.947" errors="0" timestamp="2022-12-05T19:28:12 IST" skipped="0">
  <testcase classname="TestCases.BestSellersTest" name="bestseller" time="24.947"/>
  <system-out/>
</testsuite> <!-- TestCases.BestSellersTest -->
