<?xml version="1.0" encoding="UTF-8"?>
<!-- Generated by org.testng.reporters.JUnitReportReporter -->
<testsuite hostname="IN-PG02A7W0" failures="0" tests="1" name="TestCases.TodaysDealsTest" time="19.244" errors="0" timestamp="2022-12-05T19:42:18 IST" skipped="0">
  <testcase classname="TestCases.TodaysDealsTest" name="bestseller" time="19.244"/>
  <system-out/>
</testsuite> <!-- TestCases.TodaysDealsTest -->
