<?xml version="1.0" encoding="UTF-8"?>
<!-- Generated by org.testng.reporters.JUnitReportReporter -->
<testsuite hostname="IN-PG02A7W0" failures="0" tests="2" name="TestCases.LoginTest" time="46.937" errors="0" timestamp="2022-12-05T15:21:12 IST" skipped="0">
  <testcase classname="TestCases.LoginTest" name="correctemailtest" time="31.081"/>
  <system-out/>
  <testcase classname="TestCases.LoginTest" name="incorrectemailtest" time="15.856"/>
  <system-out/>
</testsuite> <!-- TestCases.LoginTest -->
