<?xml version="1.0" encoding="UTF-8"?>
<!-- Generated by org.testng.reporters.JUnitReportReporter -->
<testsuite hostname="IN-PG02A7W0" failures="0" tests="1" name="TestCases.WishlistTest" time="10.670" errors="0" timestamp="2022-12-05T15:33:22 IST" skipped="0">
  <testcase classname="TestCases.WishlistTest" name="wishlisttt" time="10.670"/>
  <system-out/>
</testsuite> <!-- TestCases.WishlistTest -->
